*******************************************************************
* Genome-wide Complex Trait Analysis (GCTA)
* version v1.94.1 Linux
* Built at Nov 15 2022 21:14:25, by GCC 8.5
* (C) 2010-present, Yang Lab, Westlake University
* Please report bugs to Jian Yang <jian.yang@westlake.edu.cn>
*******************************************************************
Analysis started at 12:29:38 GMT on Tue Nov 26 2024.
Hostname: cpu-r-45

Options: 
 
--fastGWA-mlm 
--mbfile ./script/GWAS_mbfile.txt 
--grm-sparse ./GRM/sp0.05_autosome_grm 
--pheno /rds/user/yg330/hpc-work/pgs_img_2/result_supplement/imaging_data_final/STR_global_phenotypes.sd.mad.QCed.txt 
--mpheno 1 
--qcovar ./MRI_GWAS_COVAR/continous.COVAR.formatted.txt 
--covar ./MRI_GWAS_COVAR/structural.discrete.COVAR.formatted.txt 
--out ./MRI_Global_GWAS/25112024_mad.GWAS_STR_regional_pheno1 

The program will be running with up to 1 threads.
Reading PLINK sample file from [/rds/user/yg330/rds-genetics_hpc-Nl99R8pHODQ/UKB/Imaging_genetics/yg330/Bed_no_dup/chr10.fam]...
56866 individuals to be included from the sample file.
Checking other sample files...
  All the files checked are OK.
Reading phenotype data from [/rds/user/yg330/hpc-work/pgs_img_2/result_supplement/imaging_data_final/STR_global_phenotypes.sd.mad.QCed.txt]...
56823 overlapping individuals with non-missing data to be included from the phenotype file.
56823 individuals to be included. 27056 males, 29767 females, 0 unknown.
Reading PLINK BIM file from [/rds/user/yg330/rds-genetics_hpc-Nl99R8pHODQ/UKB/Imaging_genetics/yg330/Bed_no_dup/chr10.bim]...
959511 SNPs to be included from BIM file(s).
Reading PLINK BIM file from [/rds/user/yg330/rds-genetics_hpc-Nl99R8pHODQ/UKB/Imaging_genetics/yg330/Bed_no_dup/chr11.bim]...
1899692 SNPs to be included from BIM file(s).
Reading PLINK BIM file from [/rds/user/yg330/rds-genetics_hpc-Nl99R8pHODQ/UKB/Imaging_genetics/yg330/Bed_no_dup/chr12.bim]...
2815340 SNPs to be included from BIM file(s).
Reading PLINK BIM file from [/rds/user/yg330/rds-genetics_hpc-Nl99R8pHODQ/UKB/Imaging_genetics/yg330/Bed_no_dup/chr13.bim]...
3501229 SNPs to be included from BIM file(s).
Reading PLINK BIM file from [/rds/user/yg330/rds-genetics_hpc-Nl99R8pHODQ/UKB/Imaging_genetics/yg330/Bed_no_dup/chr14.bim]...
4124171 SNPs to be included from BIM file(s).
Reading PLINK BIM file from [/rds/user/yg330/rds-genetics_hpc-Nl99R8pHODQ/UKB/Imaging_genetics/yg330/Bed_no_dup/chr15.bim]...
4680715 SNPs to be included from BIM file(s).
Reading PLINK BIM file from [/rds/user/yg330/rds-genetics_hpc-Nl99R8pHODQ/UKB/Imaging_genetics/yg330/Bed_no_dup/chr16.bim]...
5292427 SNPs to be included from BIM file(s).
Reading PLINK BIM file from [/rds/user/yg330/rds-genetics_hpc-Nl99R8pHODQ/UKB/Imaging_genetics/yg330/Bed_no_dup/chr17.bim]...
5829456 SNPs to be included from BIM file(s).
Reading PLINK BIM file from [/rds/user/yg330/rds-genetics_hpc-Nl99R8pHODQ/UKB/Imaging_genetics/yg330/Bed_no_dup/chr18.bim]...
6371838 SNPs to be included from BIM file(s).
Reading PLINK BIM file from [/rds/user/yg330/rds-genetics_hpc-Nl99R8pHODQ/UKB/Imaging_genetics/yg330/Bed_no_dup/chr19.bim]...
6820156 SNPs to be included from BIM file(s).
Reading PLINK BIM file from [/rds/user/yg330/rds-genetics_hpc-Nl99R8pHODQ/UKB/Imaging_genetics/yg330/Bed_no_dup/chr1.bim]...
8336148 SNPs to be included from BIM file(s).
Reading PLINK BIM file from [/rds/user/yg330/rds-genetics_hpc-Nl99R8pHODQ/UKB/Imaging_genetics/yg330/Bed_no_dup/chr20.bim]...
8760839 SNPs to be included from BIM file(s).
Reading PLINK BIM file from [/rds/user/yg330/rds-genetics_hpc-Nl99R8pHODQ/UKB/Imaging_genetics/yg330/Bed_no_dup/chr21.bim]...
9023077 SNPs to be included from BIM file(s).
Reading PLINK BIM file from [/rds/user/yg330/rds-genetics_hpc-Nl99R8pHODQ/UKB/Imaging_genetics/yg330/Bed_no_dup/chr22.bim]...
9288919 SNPs to be included from BIM file(s).
Reading PLINK BIM file from [/rds/user/yg330/rds-genetics_hpc-Nl99R8pHODQ/UKB/Imaging_genetics/yg330/Bed_no_dup/chr2.bim]...
10914723 SNPs to be included from BIM file(s).
Reading PLINK BIM file from [/rds/user/yg330/rds-genetics_hpc-Nl99R8pHODQ/UKB/Imaging_genetics/yg330/Bed_no_dup/chr3.bim]...
12277882 SNPs to be included from BIM file(s).
Reading PLINK BIM file from [/rds/user/yg330/rds-genetics_hpc-Nl99R8pHODQ/UKB/Imaging_genetics/yg330/Bed_no_dup/chr4.bim]...
13660306 SNPs to be included from BIM file(s).
Reading PLINK BIM file from [/rds/user/yg330/rds-genetics_hpc-Nl99R8pHODQ/UKB/Imaging_genetics/yg330/Bed_no_dup/chr5.bim]...
14893251 SNPs to be included from BIM file(s).
Reading PLINK BIM file from [/rds/user/yg330/rds-genetics_hpc-Nl99R8pHODQ/UKB/Imaging_genetics/yg330/Bed_no_dup/chr6.bim]...
16131926 SNPs to be included from BIM file(s).
Reading PLINK BIM file from [/rds/user/yg330/rds-genetics_hpc-Nl99R8pHODQ/UKB/Imaging_genetics/yg330/Bed_no_dup/chr7.bim]...
17255814 SNPs to be included from BIM file(s).
Reading PLINK BIM file from [/rds/user/yg330/rds-genetics_hpc-Nl99R8pHODQ/UKB/Imaging_genetics/yg330/Bed_no_dup/chr8.bim]...
18324108 SNPs to be included from BIM file(s).
Reading PLINK BIM file from [/rds/user/yg330/rds-genetics_hpc-Nl99R8pHODQ/UKB/Imaging_genetics/yg330/Bed_no_dup/chr9.bim]...
19149131 SNPs to be included from BIM file(s).
Reading quantitative covariates from [./MRI_GWAS_COVAR/continous.COVAR.formatted.txt].
48 covariates of 53752 samples to be included.
Reading discrete covariates from [./MRI_GWAS_COVAR/structural.discrete.COVAR.formatted.txt].
3 covariates of 56866 samples to be included.
48 qcovar, 3 covar and 0 rcovar to be included.
53752 common individuals among the covariate files to be included.
53709 overlapping individuals with non-missing data to be included from the covariate file(s).
Reading the sparse GRM file from [./GRM/sp0.05_autosome_grm]...
After matching all the files, 53709 individuals to be included in the analysis.
Estimating the genetic variance (Vg) by fastGWA-REML (grid search)...
Iteration 1, step size: 0.0102719, logL: -14844.5. Vg: 0.616315, searching range: 0.606043 to 0.626587
Iteration 2, step size: 0.00136959, logL: -14844.5. Vg: 0.614261, searching range: 0.612891 to 0.61563
Iteration 3, step size: 0.000182612, logL: -14844.5. Vg: 0.614717, searching range: 0.614535 to 0.6149
Iteration 4, step size: 2.43482e-05, logL: -14844.5. Vg: 0.614729, searching range: 0.614705 to 0.614754
Iteration 5, step size: 3.24643e-06, logL: -14844.5. Vg: 0.614734, searching range: 0.614731 to 0.614737
Iteration 6, step size: 4.32858e-07, logL: -14844.5. Vg: 0.614734, searching range: 0.614733 to 0.614734
Iteration 7, step size: 5.77144e-08, logL: -14844.5. Vg: 0.614733, searching range: 0.614733 to 0.614733
Iteration 8, step size: 7.69525e-09, logL: -14844.5. Vg: 0.614733, searching range: 0.614733 to 0.614733
Iteration 9, step size: 1.02603e-09, logL: -14844.5. Vg: 0.614733, searching range: 0.614733 to 0.614733
Iteration 10, step size: 1.36804e-10, logL: -14844.5. Vg: 0.614733, searching range: 0.614733 to 0.614733
Iteration 11, step size: 1.82406e-11, logL: -14844.5. Vg: 0.614733, searching range: 0.614733 to 0.614733
Iteration 12, step size: 2.43208e-12, logL: -14844.5. Vg: 0.614733, searching range: 0.614733 to 0.614733
Iteration 13, step size: 3.24281e-13, logL: -14844.5. Vg: 0.614733, searching range: 0.614733 to 0.614733
fastGWA-REML converged.
logL: -14844.5
Sampling variance/covariance of the estimates of Vg and Ve:
 0.000136435 -0.000120057
-0.000120057  0.000119048

Source	Variance	SE
Vg	0.614733	0.0116806
Ve	0.0272614	0.0109109
Vp	0.641995

Heritability = 0.957536 (Pval = 0)
fastGWA-REML runtime: 1.92516 sec.

Tuning parameters using 2000 null SNPs...
  reading genotypes...
  100% finished in 60.6 sec
2000 SNPs have been processed.
Tuning of Gamma finished at the 1000th SNP.
Mean GRAMMAR-Gamma value = 1.555802
Tuning of Gamma finished 60.6791 seconds.

Performing fastGWA mixed model association analysis...
fastGWA results will be saved in text format to [./MRI_Global_GWAS/25112024_mad.GWAS_STR_regional_pheno1.fastGWA].
  Filtering out variants with MAF < 0.0001, or customise it with --maf flag.
  Filtering out variants with missingness rate > 0.10, or customise it with --geno flag.
