Loading [1mrhel8/default-ccl[22m
  [94mLoading requirement[0m: rhel8/global rhel8/slurm rhel8/cclake-env/2024-06-01
    rhel8/cclake/base glibc/2.28/gcc/4d2cj5pu gcc-runtime/13.3.0/gcc/2sn7kkm3
    zlib-ng/2.1.6/gcc/mkjcey6m zstd/1.5.6/gcc/l5c7mfsx
    binutils/2.42/gcc/y33xj6rq intel-oneapi-compilers/2023.2.4/gcc/4lbvg4hv
    intel-oneapi-mpi/2021.12.1/intel/hlruk24n rhel8/cclake/intel
Loading [1mrhel8/default-ccl[22m
  [94mLoading requirement[0m: rhel8/global rhel8/slurm rhel8/cclake-env/2024-06-01
    rhel8/cclake/base glibc/2.28/gcc/4d2cj5pu gcc-runtime/13.3.0/gcc/2sn7kkm3
    zlib-ng/2.1.6/gcc/mkjcey6m zstd/1.5.6/gcc/l5c7mfsx
    binutils/2.42/gcc/y33xj6rq intel-oneapi-compilers/2023.2.4/gcc/4lbvg4hv
    intel-oneapi-mpi/2021.12.1/intel/hlruk24n rhel8/cclake/intelLoading [1mrhel8/default-ccl[22m
  [94mLoading requirement[0m: rhel8/global rhel8/slurm rhel8/cclake-env/2024-06-01
    rhel8/cclake/base glibc/2.28/gcc/4d2cj5pu gcc-runtime/13.3.0/gcc/2sn7kkm3
    zlib-ng/2.1.6/gcc/mkjcey6m zstd/1.5.6/gcc/l5c7mfsx
    binutils/2.42/gcc/y33xj6rq intel-oneapi-compilers/2023.2.4/gcc/4lbvg4hv
    intel-oneapi-mpi/2021.12.1/intel/hlruk24n rhel8/cclake/intelLoading [1mrhel8/default-ccl[22m
  [94mLoading requirement[0m: rhel8/global rhel8/slurm rhel8/cclake-env/2024-06-01
    rhel8/cclake/base glibc/2.28/gcc/4d2cj5pu gcc-runtime/13.3.0/gcc/2sn7kkm3
    zlib-ng/2.1.6/gcc/mkjcey6m zstd/1.5.6/gcc/l5c7mfsx
    binutils/2.42/gcc/y33xj6rq intel-oneapi-compilers/2023.2.4/gcc/4lbvg4hv
    intel-oneapi-mpi/2021.12.1/intel/hlruk24n rhel8/cclake/intelLoading [1mrhel8/default-ccl[22m
  [94mLoading requirement[0m: rhel8/global rhel8/slurm rhel8/cclake-env/2024-06-01
    rhel8/cclake/base glibc/2.28/gcc/4d2cj5pu gcc-runtime/13.3.0/gcc/2sn7kkm3
    zlib-ng/2.1.6/gcc/mkjcey6m zstd/1.5.6/gcc/l5c7mfsx
    binutils/2.42/gcc/y33xj6rq intel-oneapi-compilers/2023.2.4/gcc/4lbvg4hv
    intel-oneapi-mpi/2021.12.1/intel/hlruk24n rhel8/cclake/intel



